<?xml version="1.0" encoding="UTF-8"?>
<testsuite time="7.9416937828063965" tests='8' skipped='0'
name="Dashboard" failures='2' errors='0'><testcase time="1.030024528503418" name="Remove_Items_When_No_Item_Is_Added" status="failed"
         classname="Dashboard_Functionality" >
            <failure type="AssertionError" message="remove button not found">
                    <![CDATA[ Failing step: when user remove 'Sauce Labs Backpack' from the inventory ... failed in 0.06028s  Location:features/dashboard.feature
                        Traceback (most recent call last):

                  File "C:\Users\pc\Documents\playwright\venv\Lib\site-packages\behave\model.py", line 1991, in run
    match.run(runner.context)

                  File "C:\Users\pc\Documents\playwright\venv\Lib\site-packages\behave\matchers.py", line 105, in run
    self.func(context, *args, **kwargs)

                  File "features\steps\dashboard_steps.py", line 55, in step_remove_item_by_name
    context.dashboard_page.remove_by_item_name(item_name)

                  File "C:\Users\pc\Documents\playwright\mini_project1\pages\dashboard_page.py", line 78, in remove_by_item_name
    assert found , "remove button not found"
           ^^^^^

                AssertionError: remove button not found
                    ]]>
                </failure><system-out>
            <![CDATA[
            @scenario.begin
                
                scenario: Remove items when no item is added
e                given user is logged in ... passed in 0.9697s 
                when user remove 'Sauce Labs Backpack' from the inventory ... failed in 0.06028s 
                then cart badge should be updated correctly ... skipped in 0.0s 
@scenario.end
            ----------------------------------------------------------------------------------------------------
            ]]>
            </system-out>
        </testcase><testcase time="1.0449862480163574" name="Add_One_Item_When_All_Items_Are_Added_Already" status="failed"
         classname="Dashboard_Functionality" >
            <failure type="AssertionError" message="add to cart button not found">
                    <![CDATA[ Failing step: then add 'Sauce Labs Backpack' to inventory ... failed in 0.0392s  Location:features/dashboard.feature
                        Traceback (most recent call last):

                  File "C:\Users\pc\Documents\playwright\venv\Lib\site-packages\behave\model.py", line 1991, in run
    match.run(runner.context)

                  File "C:\Users\pc\Documents\playwright\venv\Lib\site-packages\behave\matchers.py", line 105, in run
    self.func(context, *args, **kwargs)

                  File "features\steps\dashboard_steps.py", line 50, in step_add_item_by_name
    context.dashboard_page.add_by_item_name(item_name)

                  File "C:\Users\pc\Documents\playwright\mini_project1\pages\dashboard_page.py", line 44, in add_by_item_name
    assert found , "add to cart button not found"
           ^^^^^

                AssertionError: add to cart button not found
                    ]]>
                </failure><system-out>
            <![CDATA[
            @scenario.begin
                
                scenario: Add one item when all items are added already
e                given user is logged in ... passed in 0.7246s 
                when user adds 6 products to the dashboard cart ... passed in 0.2812s 
                then add 'Sauce Labs Backpack' to inventory ... failed in 0.0392s 
                then cart badge should be updated correctly ... skipped in 0.0s 
@scenario.end
            ----------------------------------------------------------------------------------------------------
            ]]>
            </system-out>
        </testcase><testcase time="1.1794242858886719" name="Add_Items_To_Cart_From_Dashboard" status="passed"
         classname="Dashboard_Functionality" >
            <system-out>
            <![CDATA[
            @scenario.begin
                
                scenario: Add items to cart from dashboard
e                given user is logged in ... passed in 1.003s 
                when user adds 3 products to the dashboard cart ... passed in 0.1667s 
                then cart badge should be updated correctly ... passed in 0.009878s 
@scenario.end
            ----------------------------------------------------------------------------------------------------
            ]]>
            </system-out>
        </testcase><testcase time="1.0770812034606934" name="Remove_Items_From_Cart_From_Dashboard" status="passed"
         classname="Dashboard_Functionality" >
            <system-out>
            <![CDATA[
            @scenario.begin
                
                scenario: Remove items from cart from dashboard
e                given user has 3 products in the dashboard cart ... passed in 0.9694s 
                when user removes 2 product from the cart ... passed in 0.09881s 
                then cart badge should be updated correctly ... passed in 0.008867s 
@scenario.end
            ----------------------------------------------------------------------------------------------------
            ]]>
            </system-out>
        </testcase><testcase time="0.897972822189331" name="Add_Items_By_Their_Name" status="passed"
         classname="Dashboard_Functionality" >
            <system-out>
            <![CDATA[
            @scenario.begin
                @ui
                scenario: Add items by their name
e                given user is logged in ... passed in 0.7031s 
                when add 'Sauce Labs Backpack' to inventory ... passed in 0.1234s 
                when add 'Sauce Labs Bike Light' to inventory ... passed in 0.06014s 
                then cart badge should be updated correctly ... passed in 0.01139s 
@scenario.end
            ----------------------------------------------------------------------------------------------------
            ]]>
            </system-out>
        </testcase><testcase time="1.0876672267913818" name="Remove_Items_By_Their_Name" status="passed"
         classname="Dashboard_Functionality" >
            <system-out>
            <![CDATA[
            @scenario.begin
                
                scenario: Remove items by their name
e                given user is logged in ... passed in 0.7752s 
                when user adds 6 products to the dashboard cart ... passed in 0.2402s 
                when user remove 'Sauce Labs Backpack' from the inventory ... passed in 0.06196s 
                then cart badge should be updated correctly ... passed in 0.0103s 
@scenario.end
            ----------------------------------------------------------------------------------------------------
            ]]>
            </system-out>
        </testcase><testcase time="0.8075058460235596" name="Sort_Items_Alphabetically_--_@1.1_" status="passed"
         classname="Dashboard_Functionality" >
            <system-out>
            <![CDATA[
            @scenario.begin
                
                scenario: Sort items alphabetically -- @1.1 
e                given user is logged in ... passed in 0.737s 
                when user sorts items "ascending" ... passed in 0.06923s 
                then items should be sorted "ascending" ... passed in 0.00128s 
@scenario.end
            ----------------------------------------------------------------------------------------------------
            ]]>
            </system-out>
        </testcase><testcase time="0.8170316219329834" name="Sort_Items_Alphabetically_--_@1.2_" status="passed"
         classname="Dashboard_Functionality" >
            <system-out>
            <![CDATA[
            @scenario.begin
                
                scenario: Sort items alphabetically -- @1.2 
e                given user is logged in ... passed in 0.7551s 
                when user sorts items "descending" ... passed in 0.06188s 
                then items should be sorted "descending" ... passed in 0.0s 
@scenario.end
            ----------------------------------------------------------------------------------------------------
            ]]>
            </system-out>
        </testcase></testsuite>