{"uid":"92167ffd91b050e6","name":"Remove items when no item is added","fullName":"Dashboard functionality: Remove items when no item is added","historyId":"583681afb69ee5c43a7daa989923b919","time":{"start":1766146807439,"stop":1766146808754,"duration":1315},"status":"failed","statusMessage":"AssertionError: remove button not found\n","statusTrace":"  File \"C:\\Users\\pc\\Documents\\playwright\\venv\\Lib\\site-packages\\behave\\model.py\", line 1991, in run\n    match.run(runner.context)\n  File \"C:\\Users\\pc\\Documents\\playwright\\venv\\Lib\\site-packages\\behave\\matchers.py\", line 105, in run\n    self.func(context, *args, **kwargs)\n  File \"features\\steps\\dashboard_steps.py\", line 55, in step_remove_item_by_name\n    context.dashboard_page.remove_by_item_name(item_name)\n  File \"C:\\Users\\pc\\Documents\\playwright\\venv\\Lib\\site-packages\\allure_commons\\_allure.py\", line 202, in impl\n    return func(*a, **kw)\n           ^^^^^^^^^^^^^^\n  File \"C:\\Users\\pc\\Documents\\playwright\\mini_project1\\pages\\dashboard_page.py\", line 83, in remove_by_item_name\n    assert found , \"remove button not found\"\n           ^^^^^\n","flaky":false,"newFailed":false,"newBroken":false,"newPassed":false,"retriesCount":0,"retriesStatusChange":false,"beforeStages":[],"testStage":{"status":"failed","statusMessage":"AssertionError: remove button not found\n","statusTrace":"  File \"C:\\Users\\pc\\Documents\\playwright\\venv\\Lib\\site-packages\\behave\\model.py\", line 1991, in run\n    match.run(runner.context)\n  File \"C:\\Users\\pc\\Documents\\playwright\\venv\\Lib\\site-packages\\behave\\matchers.py\", line 105, in run\n    self.func(context, *args, **kwargs)\n  File \"features\\steps\\dashboard_steps.py\", line 55, in step_remove_item_by_name\n    context.dashboard_page.remove_by_item_name(item_name)\n  File \"C:\\Users\\pc\\Documents\\playwright\\venv\\Lib\\site-packages\\allure_commons\\_allure.py\", line 202, in impl\n    return func(*a, **kw)\n           ^^^^^^^^^^^^^^\n  File \"C:\\Users\\pc\\Documents\\playwright\\mini_project1\\pages\\dashboard_page.py\", line 83, in remove_by_item_name\n    assert found , \"remove button not found\"\n           ^^^^^\n","steps":[{"name":"Given user is logged in","time":{"start":1766146807891,"stop":1766146808592,"duration":701},"status":"passed","steps":[{"name":"Login with valid user","time":{"start":1766146808473,"stop":1766146808570,"duration":97},"status":"passed","steps":[],"attachments":[],"parameters":[{"name":"user","value":"'standard_user'"},{"name":"pwd","value":"'secret_sauce'"}],"stepsCount":0,"attachmentsCount":0,"shouldDisplayMessage":false,"hasContent":true}],"attachments":[],"parameters":[],"stepsCount":1,"attachmentsCount":0,"shouldDisplayMessage":false,"hasContent":true},{"name":"When user remove 'Sauce Labs Backpack' from the inventory","time":{"start":1766146808592,"stop":1766146808634,"duration":42},"status":"failed","statusMessage":"AssertionError: remove button not found\n","statusTrace":"  File \"C:\\Users\\pc\\Documents\\playwright\\venv\\Lib\\site-packages\\behave\\model.py\", line 1991, in run\n    match.run(runner.context)\n  File \"C:\\Users\\pc\\Documents\\playwright\\venv\\Lib\\site-packages\\behave\\matchers.py\", line 105, in run\n    self.func(context, *args, **kwargs)\n  File \"features\\steps\\dashboard_steps.py\", line 55, in step_remove_item_by_name\n    context.dashboard_page.remove_by_item_name(item_name)\n  File \"C:\\Users\\pc\\Documents\\playwright\\venv\\Lib\\site-packages\\allure_commons\\_allure.py\", line 202, in impl\n    return func(*a, **kw)\n           ^^^^^^^^^^^^^^\n  File \"C:\\Users\\pc\\Documents\\playwright\\mini_project1\\pages\\dashboard_page.py\", line 83, in remove_by_item_name\n    assert found , \"remove button not found\"\n           ^^^^^\n","steps":[{"name":"item removed ","time":{"start":1766146808592,"stop":1766146808633,"duration":41},"status":"failed","statusMessage":"AssertionError: remove button not found\n","statusTrace":"  File \"C:\\Users\\pc\\Documents\\playwright\\venv\\Lib\\site-packages\\allure_commons\\_allure.py\", line 202, in impl\n    return func(*a, **kw)\n           ^^^^^^^^^^^^^^\n  File \"C:\\Users\\pc\\Documents\\playwright\\mini_project1\\pages\\dashboard_page.py\", line 83, in remove_by_item_name\n    assert found , \"remove button not found\"\n           ^^^^^\n","steps":[],"attachments":[],"parameters":[{"name":"item_name","value":"'Sauce Labs Backpack'"}],"stepsCount":0,"attachmentsCount":0,"shouldDisplayMessage":true,"hasContent":true}],"attachments":[],"parameters":[],"stepsCount":1,"attachmentsCount":0,"shouldDisplayMessage":false,"hasContent":true},{"name":"Then cart badge should be updated correctly","time":{"start":1766146808754,"stop":1766146808754,"duration":0},"status":"skipped","steps":[],"attachments":[],"parameters":[],"stepsCount":0,"attachmentsCount":0,"shouldDisplayMessage":false,"hasContent":false}],"attachments":[{"uid":"df7ea7d97dcad919","name":"Failure Screenshot","source":"df7ea7d97dcad919.png","type":"image/png","size":209392}],"parameters":[],"stepsCount":5,"attachmentsCount":1,"shouldDisplayMessage":false,"hasContent":true},"afterStages":[],"labels":[{"name":"severity","value":"normal"},{"name":"feature","value":"Dashboard functionality"},{"name":"framework","value":"behave"},{"name":"language","value":"cpython3"},{"name":"resultFormat","value":"allure2"}],"parameters":[],"links":[],"hidden":true,"retry":true,"extra":{"categories":[],"tags":[]},"source":"92167ffd91b050e6.json","parameterValues":[]}