{"uid":"e89f3b5eb9b2707d","name":"Add one item when all items are added already","fullName":"Dashboard functionality: Add one item when all items are added already","historyId":"2bc9fd44c7b68ccadbef9973ec7b4241","time":{"start":1766146808756,"stop":1766146810295,"duration":1539},"status":"failed","statusMessage":"AssertionError: add to cart button not found\n","statusTrace":"  File \"C:\\Users\\pc\\Documents\\playwright\\venv\\Lib\\site-packages\\behave\\model.py\", line 1991, in run\n    match.run(runner.context)\n  File \"C:\\Users\\pc\\Documents\\playwright\\venv\\Lib\\site-packages\\behave\\matchers.py\", line 105, in run\n    self.func(context, *args, **kwargs)\n  File \"features\\steps\\dashboard_steps.py\", line 50, in step_add_item_by_name\n    context.dashboard_page.add_by_item_name(item_name)\n  File \"C:\\Users\\pc\\Documents\\playwright\\venv\\Lib\\site-packages\\allure_commons\\_allure.py\", line 202, in impl\n    return func(*a, **kw)\n           ^^^^^^^^^^^^^^\n  File \"C:\\Users\\pc\\Documents\\playwright\\mini_project1\\pages\\dashboard_page.py\", line 47, in add_by_item_name\n    assert found , \"add to cart button not found\"\n           ^^^^^\n","flaky":false,"newFailed":false,"newBroken":false,"newPassed":false,"retriesCount":0,"retriesStatusChange":false,"beforeStages":[],"testStage":{"status":"failed","statusMessage":"AssertionError: add to cart button not found\n","statusTrace":"  File \"C:\\Users\\pc\\Documents\\playwright\\venv\\Lib\\site-packages\\behave\\model.py\", line 1991, in run\n    match.run(runner.context)\n  File \"C:\\Users\\pc\\Documents\\playwright\\venv\\Lib\\site-packages\\behave\\matchers.py\", line 105, in run\n    self.func(context, *args, **kwargs)\n  File \"features\\steps\\dashboard_steps.py\", line 50, in step_add_item_by_name\n    context.dashboard_page.add_by_item_name(item_name)\n  File \"C:\\Users\\pc\\Documents\\playwright\\venv\\Lib\\site-packages\\allure_commons\\_allure.py\", line 202, in impl\n    return func(*a, **kw)\n           ^^^^^^^^^^^^^^\n  File \"C:\\Users\\pc\\Documents\\playwright\\mini_project1\\pages\\dashboard_page.py\", line 47, in add_by_item_name\n    assert found , \"add to cart button not found\"\n           ^^^^^\n","steps":[{"name":"Given user is logged in","time":{"start":1766146809208,"stop":1766146809924,"duration":716},"status":"passed","steps":[{"name":"Login with valid user","time":{"start":1766146809796,"stop":1766146809903,"duration":107},"status":"passed","steps":[],"attachments":[],"parameters":[{"name":"user","value":"'standard_user'"},{"name":"pwd","value":"'secret_sauce'"}],"stepsCount":0,"attachmentsCount":0,"shouldDisplayMessage":false,"hasContent":true}],"attachments":[],"parameters":[],"stepsCount":1,"attachmentsCount":0,"shouldDisplayMessage":false,"hasContent":true},{"name":"When user adds 6 products to the dashboard cart","time":{"start":1766146809924,"stop":1766146810147,"duration":223},"status":"passed","steps":[{"name":"item added","time":{"start":1766146809925,"stop":1766146810147,"duration":222},"status":"passed","steps":[],"attachments":[],"parameters":[{"name":"count","value":"6"}],"stepsCount":0,"attachmentsCount":0,"shouldDisplayMessage":false,"hasContent":true}],"attachments":[],"parameters":[],"stepsCount":1,"attachmentsCount":0,"shouldDisplayMessage":false,"hasContent":true},{"name":"Then add 'Sauce Labs Backpack' to inventory","time":{"start":1766146810147,"stop":1766146810178,"duration":31},"status":"failed","statusMessage":"AssertionError: add to cart button not found\n","statusTrace":"  File \"C:\\Users\\pc\\Documents\\playwright\\venv\\Lib\\site-packages\\behave\\model.py\", line 1991, in run\n    match.run(runner.context)\n  File \"C:\\Users\\pc\\Documents\\playwright\\venv\\Lib\\site-packages\\behave\\matchers.py\", line 105, in run\n    self.func(context, *args, **kwargs)\n  File \"features\\steps\\dashboard_steps.py\", line 50, in step_add_item_by_name\n    context.dashboard_page.add_by_item_name(item_name)\n  File \"C:\\Users\\pc\\Documents\\playwright\\venv\\Lib\\site-packages\\allure_commons\\_allure.py\", line 202, in impl\n    return func(*a, **kw)\n           ^^^^^^^^^^^^^^\n  File \"C:\\Users\\pc\\Documents\\playwright\\mini_project1\\pages\\dashboard_page.py\", line 47, in add_by_item_name\n    assert found , \"add to cart button not found\"\n           ^^^^^\n","steps":[{"name":"item added","time":{"start":1766146810147,"stop":1766146810178,"duration":31},"status":"failed","statusMessage":"AssertionError: add to cart button not found\n","statusTrace":"  File \"C:\\Users\\pc\\Documents\\playwright\\venv\\Lib\\site-packages\\allure_commons\\_allure.py\", line 202, in impl\n    return func(*a, **kw)\n           ^^^^^^^^^^^^^^\n  File \"C:\\Users\\pc\\Documents\\playwright\\mini_project1\\pages\\dashboard_page.py\", line 47, in add_by_item_name\n    assert found , \"add to cart button not found\"\n           ^^^^^\n","steps":[],"attachments":[],"parameters":[{"name":"item_name","value":"'Sauce Labs Backpack'"}],"stepsCount":0,"attachmentsCount":0,"shouldDisplayMessage":true,"hasContent":true}],"attachments":[],"parameters":[],"stepsCount":1,"attachmentsCount":0,"shouldDisplayMessage":false,"hasContent":true},{"name":"Then cart badge should be updated correctly","time":{"start":1766146810295,"stop":1766146810295,"duration":0},"status":"skipped","steps":[],"attachments":[],"parameters":[],"stepsCount":0,"attachmentsCount":0,"shouldDisplayMessage":false,"hasContent":false}],"attachments":[{"uid":"11bcf4f2447d011d","name":"Failure Screenshot","source":"11bcf4f2447d011d.png","type":"image/png","size":193716}],"parameters":[],"stepsCount":7,"attachmentsCount":1,"shouldDisplayMessage":false,"hasContent":true},"afterStages":[],"labels":[{"name":"severity","value":"normal"},{"name":"feature","value":"Dashboard functionality"},{"name":"framework","value":"behave"},{"name":"language","value":"cpython3"},{"name":"resultFormat","value":"allure2"}],"parameters":[],"links":[],"hidden":true,"retry":true,"extra":{"categories":[],"tags":[]},"source":"e89f3b5eb9b2707d.json","parameterValues":[]}