{"name": "Add one item when all items are added already", "status": "failed", "statusDetails": {"message": "AssertionError: add to cart button not found\n", "trace": "  File \"C:\\Users\\pc\\Documents\\playwright\\venv\\Lib\\site-packages\\behave\\model.py\", line 1991, in run\n    match.run(runner.context)\n  File \"C:\\Users\\pc\\Documents\\playwright\\venv\\Lib\\site-packages\\behave\\matchers.py\", line 105, in run\n    self.func(context, *args, **kwargs)\n  File \"features\\steps\\dashboard_steps.py\", line 50, in step_add_item_by_name\n    context.dashboard_page.add_by_item_name(item_name)\n  File \"C:\\Users\\pc\\Documents\\playwright\\venv\\Lib\\site-packages\\allure_commons\\_allure.py\", line 202, in impl\n    return func(*a, **kw)\n           ^^^^^^^^^^^^^^\n  File \"C:\\Users\\pc\\Documents\\playwright\\mini_project1\\pages\\dashboard_page.py\", line 47, in add_by_item_name\n    assert found , \"add to cart button not found\"\n           ^^^^^\n"}, "steps": [{"name": "Given user is logged in", "status": "passed", "steps": [{"name": "Login with valid user", "status": "passed", "parameters": [{"name": "user", "value": "'standard_user'"}, {"name": "pwd", "value": "'secret_sauce'"}], "start": 1766146809796, "stop": 1766146809903}], "start": 1766146809208, "stop": 1766146809924}, {"name": "When user adds 6 products to the dashboard cart", "status": "passed", "steps": [{"name": "item added", "status": "passed", "parameters": [{"name": "count", "value": "6"}], "start": 1766146809925, "stop": 1766146810147}], "start": 1766146809924, "stop": 1766146810147}, {"name": "Then add 'Sauce Labs Backpack' to inventory", "status": "failed", "statusDetails": {"message": "AssertionError: add to cart button not found\n", "trace": "  File \"C:\\Users\\pc\\Documents\\playwright\\venv\\Lib\\site-packages\\behave\\model.py\", line 1991, in run\n    match.run(runner.context)\n  File \"C:\\Users\\pc\\Documents\\playwright\\venv\\Lib\\site-packages\\behave\\matchers.py\", line 105, in run\n    self.func(context, *args, **kwargs)\n  File \"features\\steps\\dashboard_steps.py\", line 50, in step_add_item_by_name\n    context.dashboard_page.add_by_item_name(item_name)\n  File \"C:\\Users\\pc\\Documents\\playwright\\venv\\Lib\\site-packages\\allure_commons\\_allure.py\", line 202, in impl\n    return func(*a, **kw)\n           ^^^^^^^^^^^^^^\n  File \"C:\\Users\\pc\\Documents\\playwright\\mini_project1\\pages\\dashboard_page.py\", line 47, in add_by_item_name\n    assert found , \"add to cart button not found\"\n           ^^^^^\n"}, "steps": [{"name": "item added", "status": "failed", "statusDetails": {"message": "AssertionError: add to cart button not found\n", "trace": "  File \"C:\\Users\\pc\\Documents\\playwright\\venv\\Lib\\site-packages\\allure_commons\\_allure.py\", line 202, in impl\n    return func(*a, **kw)\n           ^^^^^^^^^^^^^^\n  File \"C:\\Users\\pc\\Documents\\playwright\\mini_project1\\pages\\dashboard_page.py\", line 47, in add_by_item_name\n    assert found , \"add to cart button not found\"\n           ^^^^^\n"}, "parameters": [{"name": "item_name", "value": "'Sauce Labs Backpack'"}], "start": 1766146810147, "stop": 1766146810178}], "start": 1766146810147, "stop": 1766146810178}, {"name": "Then cart badge should be updated correctly", "status": "skipped", "start": 1766146810295, "stop": 1766146810295}], "attachments": [{"name": "Failure Screenshot", "source": "98fc4920-ac1b-4d3b-80f0-1965b73424de-attachment.png", "type": "image/png"}], "start": 1766146808756, "stop": 1766146810295, "uuid": "17b483d7-ef85-44d9-af83-46645615ef87", "historyId": "2bc9fd44c7b68ccadbef9973ec7b4241", "testCaseId": "e61807e3191eed2843f0f06833d3dd1d", "fullName": "Dashboard functionality: Add one item when all items are added already", "labels": [{"name": "severity", "value": "normal"}, {"name": "feature", "value": "Dashboard functionality"}, {"name": "framework", "value": "behave"}, {"name": "language", "value": "cpython3"}], "titlePath": ["features", "Dashboard functionality"]}